# Logfile created on 2011-01-23 02:46:47 +1100 by logger.rb/25413
REQUESTING PAGE: GET /signin with {} and HTTP headers {}
REQUESTING PAGE: POST /sessions with {"utf8"=>"\xE2\x9C\x93", "session"=>{"email"=>"arnaud.lachaume@gmail.com", "password"=>"foobar"}, "commit"=>"Sign in"} and HTTP headers {"HTTP_REFERER"=>"/signin"}
REQUESTING PAGE: GET http://www.example.com/users/1 with {} and HTTP headers {"HTTP_REFERER"=>"/sessions"}
REQUESTING PAGE: GET /users/2 with {} and HTTP headers {"HTTP_REFERER"=>"http://www.example.com/users/1"}
REQUESTING PAGE: POST /relationships with {"utf8"=>"\xE2\x9C\x93", "relationship"=>{"followed_id"=>"2"}, "commit"=>"Follow"} and HTTP headers {"HTTP_REFERER"=>"/users/2"}
REQUESTING PAGE: GET http://www.example.com/users/2 with {} and HTTP headers {"HTTP_REFERER"=>"/relationships"}
REQUESTING PAGE: GET /signin with {} and HTTP headers {}
REQUESTING PAGE: POST /sessions with {"utf8"=>"\xE2\x9C\x93", "session"=>{"email"=>"arnaud.lachaume@gmail.com", "password"=>"foobar"}, "commit"=>"Sign in"} and HTTP headers {"HTTP_REFERER"=>"/signin"}
REQUESTING PAGE: GET http://www.example.com/users/1 with {} and HTTP headers {"HTTP_REFERER"=>"/sessions"}
REQUESTING PAGE: GET /users/2 with {} and HTTP headers {"HTTP_REFERER"=>"http://www.example.com/users/1"}
REQUESTING PAGE: POST /relationships/1 with {"utf8"=>"\xE2\x9C\x93", "_method"=>"delete", "commit"=>"Unfollow"} and HTTP headers {"HTTP_REFERER"=>"/users/2"}
REQUESTING PAGE: GET http://www.example.com/users/2 with {} and HTTP headers {"HTTP_REFERER"=>"/relationships/1"}
REQUESTING PAGE: GET /users/1/edit with {} and HTTP headers {}
REQUESTING PAGE: GET http://www.example.com/signin with {} and HTTP headers {"HTTP_REFERER"=>"/users/1/edit"}
REQUESTING PAGE: POST /sessions with {"utf8"=>"\xE2\x9C\x93", "session"=>{"email"=>"arnaud.lachaume@gmail.com", "password"=>"foobar"}, "commit"=>"Sign in"} and HTTP headers {"HTTP_REFERER"=>"http://www.example.com/signin"}
REQUESTING PAGE: GET http://www.example.com/users/1/edit with {} and HTTP headers {"HTTP_REFERER"=>"/sessions"}
REQUESTING PAGE: GET / with {} and HTTP headers {}
REQUESTING PAGE: GET /about with {} and HTTP headers {"HTTP_REFERER"=>"/"}
REQUESTING PAGE: GET /help with {} and HTTP headers {"HTTP_REFERER"=>"/about"}
REQUESTING PAGE: GET / with {} and HTTP headers {"HTTP_REFERER"=>"/help"}
REQUESTING PAGE: GET /signup with {} and HTTP headers {"HTTP_REFERER"=>"/"}
REQUESTING PAGE: GET / with {} and HTTP headers {}
REQUESTING PAGE: GET /signin with {} and HTTP headers {}
REQUESTING PAGE: POST /sessions with {"utf8"=>"\xE2\x9C\x93", "session"=>{"email"=>"arnaud.lachaume@gmail.com", "password"=>"foobar"}, "commit"=>"Sign in"} and HTTP headers {"HTTP_REFERER"=>"/signin"}
REQUESTING PAGE: GET http://www.example.com/users/1 with {} and HTTP headers {"HTTP_REFERER"=>"/sessions"}
REQUESTING PAGE: GET / with {} and HTTP headers {"HTTP_REFERER"=>"http://www.example.com/users/1"}
REQUESTING PAGE: GET /signin with {} and HTTP headers {}
REQUESTING PAGE: POST /sessions with {"utf8"=>"\xE2\x9C\x93", "session"=>{"email"=>"arnaud.lachaume@gmail.com", "password"=>"foobar"}, "commit"=>"Sign in"} and HTTP headers {"HTTP_REFERER"=>"/signin"}
REQUESTING PAGE: GET http://www.example.com/users/1 with {} and HTTP headers {"HTTP_REFERER"=>"/sessions"}
REQUESTING PAGE: GET / with {} and HTTP headers {"HTTP_REFERER"=>"http://www.example.com/users/1"}
REQUESTING PAGE: GET /signin with {} and HTTP headers {}
REQUESTING PAGE: POST /sessions with {"utf8"=>"\xE2\x9C\x93", "session"=>{"email"=>"arnaud.lachaume@gmail.com", "password"=>"foobar"}, "commit"=>"Sign in"} and HTTP headers {"HTTP_REFERER"=>"/signin"}
REQUESTING PAGE: GET http://www.example.com/users/1 with {} and HTTP headers {"HTTP_REFERER"=>"/sessions"}
REQUESTING PAGE: GET / with {} and HTTP headers {"HTTP_REFERER"=>"http://www.example.com/users/1"}
REQUESTING PAGE: POST /microposts with {"utf8"=>"\xE2\x9C\x93", "micropost"=>{"in_reply_to"=>"", "content"=>""}, "commit"=>"Submit"} and HTTP headers {"HTTP_REFERER"=>"/"}
REQUESTING PAGE: GET /signin with {} and HTTP headers {}
REQUESTING PAGE: POST /sessions with {"utf8"=>"\xE2\x9C\x93", "session"=>{"email"=>"arnaud.lachaume@gmail.com", "password"=>"foobar"}, "commit"=>"Sign in"} and HTTP headers {"HTTP_REFERER"=>"/signin"}
REQUESTING PAGE: GET http://www.example.com/users/1 with {} and HTTP headers {"HTTP_REFERER"=>"/sessions"}
REQUESTING PAGE: GET / with {} and HTTP headers {"HTTP_REFERER"=>"http://www.example.com/users/1"}
REQUESTING PAGE: POST /microposts with {"utf8"=>"\xE2\x9C\x93", "micropost"=>{"in_reply_to"=>"", "content"=>"Lorem ipsum dolor sit amet"}, "commit"=>"Submit"} and HTTP headers {"HTTP_REFERER"=>"/"}
REQUESTING PAGE: GET http://www.example.com/ with {} and HTTP headers {"HTTP_REFERER"=>"/microposts"}
REQUESTING PAGE: GET /signup with {} and HTTP headers {}
REQUESTING PAGE: POST /users with {"utf8"=>"\xE2\x9C\x93", "user"=>{"name"=>"", "email"=>"", "password"=>"", "password_confirmation"=>""}, "commit"=>"Sign up"} and HTTP headers {"HTTP_REFERER"=>"/signup"}
REQUESTING PAGE: GET /signup with {} and HTTP headers {}
REQUESTING PAGE: POST /users with {"utf8"=>"\xE2\x9C\x93", "user"=>{"name"=>"Foo", "email"=>"Foo@bar.com", "password"=>"foobar", "password_confirmation"=>"foobar"}, "commit"=>"Sign up"} and HTTP headers {"HTTP_REFERER"=>"/signup"}
REQUESTING PAGE: GET http://www.example.com/users/1 with {} and HTTP headers {"HTTP_REFERER"=>"/users"}
REQUESTING PAGE: GET /signin with {} and HTTP headers {}
REQUESTING PAGE: POST /sessions with {"utf8"=>"\xE2\x9C\x93", "session"=>{"email"=>"", "password"=>""}, "commit"=>"Sign in"} and HTTP headers {"HTTP_REFERER"=>"/signin"}
REQUESTING PAGE: GET /signin with {} and HTTP headers {}
REQUESTING PAGE: POST /sessions with {"utf8"=>"\xE2\x9C\x93", "session"=>{"email"=>"arnaud.lachaume@gmail.com", "password"=>"foobar"}, "commit"=>"Sign in"} and HTTP headers {"HTTP_REFERER"=>"/signin"}
REQUESTING PAGE: GET http://www.example.com/users/1 with {} and HTTP headers {"HTTP_REFERER"=>"/sessions"}
REQUESTING PAGE: GET /signout with {} and HTTP headers {"HTTP_REFERER"=>"http://www.example.com/users/1"}
REQUESTING PAGE: GET http://www.example.com/ with {} and HTTP headers {"HTTP_REFERER"=>"/signout"}
REQUESTING PAGE: GET /signin with {} and HTTP headers {}
REQUESTING PAGE: POST /sessions with {"utf8"=>"\xE2\x9C\x93", "session"=>{"email"=>"arnaud.lachaume@gmail.com", "password"=>"foobar"}, "commit"=>"Sign in"} and HTTP headers {"HTTP_REFERER"=>"/signin"}
REQUESTING PAGE: GET http://www.example.com/users/1 with {} and HTTP headers {"HTTP_REFERER"=>"/sessions"}
REQUESTING PAGE: GET /users/2 with {} and HTTP headers {"HTTP_REFERER"=>"http://www.example.com/users/1"}
REQUESTING PAGE: POST /relationships with {"utf8"=>"\xE2\x9C\x93", "relationship"=>{"followed_id"=>"2"}, "commit"=>"Follow"} and HTTP headers {"HTTP_REFERER"=>"/users/2"}
REQUESTING PAGE: GET http://www.example.com/users/2 with {} and HTTP headers {"HTTP_REFERER"=>"/relationships"}
REQUESTING PAGE: GET /signin with {} and HTTP headers {}
REQUESTING PAGE: POST /sessions with {"utf8"=>"\xE2\x9C\x93", "session"=>{"email"=>"arnaud.lachaume@gmail.com", "password"=>"foobar"}, "commit"=>"Sign in"} and HTTP headers {"HTTP_REFERER"=>"/signin"}
REQUESTING PAGE: GET http://www.example.com/users/1 with {} and HTTP headers {"HTTP_REFERER"=>"/sessions"}
REQUESTING PAGE: GET /users/2 with {} and HTTP headers {"HTTP_REFERER"=>"http://www.example.com/users/1"}
REQUESTING PAGE: POST /relationships/1 with {"utf8"=>"\xE2\x9C\x93", "_method"=>"delete", "commit"=>"Unfollow"} and HTTP headers {"HTTP_REFERER"=>"/users/2"}
REQUESTING PAGE: GET http://www.example.com/users/2 with {} and HTTP headers {"HTTP_REFERER"=>"/relationships/1"}
REQUESTING PAGE: GET /users/1/edit with {} and HTTP headers {}
REQUESTING PAGE: GET http://www.example.com/signin with {} and HTTP headers {"HTTP_REFERER"=>"/users/1/edit"}
REQUESTING PAGE: POST /sessions with {"utf8"=>"\xE2\x9C\x93", "session"=>{"email"=>"arnaud.lachaume@gmail.com", "password"=>"foobar"}, "commit"=>"Sign in"} and HTTP headers {"HTTP_REFERER"=>"http://www.example.com/signin"}
REQUESTING PAGE: GET http://www.example.com/users/1/edit with {} and HTTP headers {"HTTP_REFERER"=>"/sessions"}
REQUESTING PAGE: GET / with {} and HTTP headers {}
REQUESTING PAGE: GET /about with {} and HTTP headers {"HTTP_REFERER"=>"/"}
REQUESTING PAGE: GET /help with {} and HTTP headers {"HTTP_REFERER"=>"/about"}
REQUESTING PAGE: GET / with {} and HTTP headers {"HTTP_REFERER"=>"/help"}
REQUESTING PAGE: GET /signup with {} and HTTP headers {"HTTP_REFERER"=>"/"}
REQUESTING PAGE: GET / with {} and HTTP headers {}
REQUESTING PAGE: GET /signin with {} and HTTP headers {}
REQUESTING PAGE: POST /sessions with {"utf8"=>"\xE2\x9C\x93", "session"=>{"email"=>"arnaud.lachaume@gmail.com", "password"=>"foobar"}, "commit"=>"Sign in"} and HTTP headers {"HTTP_REFERER"=>"/signin"}
REQUESTING PAGE: GET http://www.example.com/users/1 with {} and HTTP headers {"HTTP_REFERER"=>"/sessions"}
REQUESTING PAGE: GET / with {} and HTTP headers {"HTTP_REFERER"=>"http://www.example.com/users/1"}
REQUESTING PAGE: GET /signin with {} and HTTP headers {}
REQUESTING PAGE: POST /sessions with {"utf8"=>"\xE2\x9C\x93", "session"=>{"email"=>"arnaud.lachaume@gmail.com", "password"=>"foobar"}, "commit"=>"Sign in"} and HTTP headers {"HTTP_REFERER"=>"/signin"}
REQUESTING PAGE: GET http://www.example.com/users/1 with {} and HTTP headers {"HTTP_REFERER"=>"/sessions"}
REQUESTING PAGE: GET / with {} and HTTP headers {"HTTP_REFERER"=>"http://www.example.com/users/1"}
REQUESTING PAGE: GET /signin with {} and HTTP headers {}
REQUESTING PAGE: POST /sessions with {"utf8"=>"\xE2\x9C\x93", "session"=>{"email"=>"arnaud.lachaume@gmail.com", "password"=>"foobar"}, "commit"=>"Sign in"} and HTTP headers {"HTTP_REFERER"=>"/signin"}
REQUESTING PAGE: GET http://www.example.com/users/1 with {} and HTTP headers {"HTTP_REFERER"=>"/sessions"}
REQUESTING PAGE: GET / with {} and HTTP headers {"HTTP_REFERER"=>"http://www.example.com/users/1"}
REQUESTING PAGE: POST /microposts with {"utf8"=>"\xE2\x9C\x93", "micropost"=>{"in_reply_to"=>"", "content"=>""}, "commit"=>"Submit"} and HTTP headers {"HTTP_REFERER"=>"/"}
REQUESTING PAGE: GET /signin with {} and HTTP headers {}
REQUESTING PAGE: POST /sessions with {"utf8"=>"\xE2\x9C\x93", "session"=>{"email"=>"arnaud.lachaume@gmail.com", "password"=>"foobar"}, "commit"=>"Sign in"} and HTTP headers {"HTTP_REFERER"=>"/signin"}
REQUESTING PAGE: GET http://www.example.com/users/1 with {} and HTTP headers {"HTTP_REFERER"=>"/sessions"}
REQUESTING PAGE: GET / with {} and HTTP headers {"HTTP_REFERER"=>"http://www.example.com/users/1"}
REQUESTING PAGE: POST /microposts with {"utf8"=>"\xE2\x9C\x93", "micropost"=>{"in_reply_to"=>"", "content"=>"Lorem ipsum dolor sit amet"}, "commit"=>"Submit"} and HTTP headers {"HTTP_REFERER"=>"/"}
REQUESTING PAGE: GET http://www.example.com/ with {} and HTTP headers {"HTTP_REFERER"=>"/microposts"}
REQUESTING PAGE: GET /signup with {} and HTTP headers {}
REQUESTING PAGE: POST /users with {"utf8"=>"\xE2\x9C\x93", "user"=>{"name"=>"", "email"=>"", "password"=>"", "password_confirmation"=>""}, "commit"=>"Sign up"} and HTTP headers {"HTTP_REFERER"=>"/signup"}
REQUESTING PAGE: GET /signup with {} and HTTP headers {}
REQUESTING PAGE: POST /users with {"utf8"=>"\xE2\x9C\x93", "user"=>{"name"=>"Foo", "email"=>"Foo@bar.com", "password"=>"foobar", "password_confirmation"=>"foobar"}, "commit"=>"Sign up"} and HTTP headers {"HTTP_REFERER"=>"/signup"}
REQUESTING PAGE: GET http://www.example.com/users/1 with {} and HTTP headers {"HTTP_REFERER"=>"/users"}
REQUESTING PAGE: GET /signin with {} and HTTP headers {}
REQUESTING PAGE: POST /sessions with {"utf8"=>"\xE2\x9C\x93", "session"=>{"email"=>"", "password"=>""}, "commit"=>"Sign in"} and HTTP headers {"HTTP_REFERER"=>"/signin"}
REQUESTING PAGE: GET /signin with {} and HTTP headers {}
REQUESTING PAGE: POST /sessions with {"utf8"=>"\xE2\x9C\x93", "session"=>{"email"=>"arnaud.lachaume@gmail.com", "password"=>"foobar"}, "commit"=>"Sign in"} and HTTP headers {"HTTP_REFERER"=>"/signin"}
REQUESTING PAGE: GET http://www.example.com/users/1 with {} and HTTP headers {"HTTP_REFERER"=>"/sessions"}
REQUESTING PAGE: GET /signout with {} and HTTP headers {"HTTP_REFERER"=>"http://www.example.com/users/1"}
REQUESTING PAGE: GET http://www.example.com/ with {} and HTTP headers {"HTTP_REFERER"=>"/signout"}
REQUESTING PAGE: GET /signin with {} and HTTP headers {}
REQUESTING PAGE: POST /sessions with {"utf8"=>"\xE2\x9C\x93", "session"=>{"email"=>"arnaud.lachaume@gmail.com", "password"=>"foobar"}, "commit"=>"Sign in"} and HTTP headers {"HTTP_REFERER"=>"/signin"}
REQUESTING PAGE: GET http://www.example.com/users/1 with {} and HTTP headers {"HTTP_REFERER"=>"/sessions"}
REQUESTING PAGE: GET /users/2 with {} and HTTP headers {"HTTP_REFERER"=>"http://www.example.com/users/1"}
REQUESTING PAGE: POST /relationships with {"utf8"=>"\xE2\x9C\x93", "relationship"=>{"followed_id"=>"2"}, "commit"=>"Follow"} and HTTP headers {"HTTP_REFERER"=>"/users/2"}
REQUESTING PAGE: GET http://www.example.com/users/2 with {} and HTTP headers {"HTTP_REFERER"=>"/relationships"}
REQUESTING PAGE: GET /signin with {} and HTTP headers {}
REQUESTING PAGE: POST /sessions with {"utf8"=>"\xE2\x9C\x93", "session"=>{"email"=>"arnaud.lachaume@gmail.com", "password"=>"foobar"}, "commit"=>"Sign in"} and HTTP headers {"HTTP_REFERER"=>"/signin"}
REQUESTING PAGE: GET http://www.example.com/users/1 with {} and HTTP headers {"HTTP_REFERER"=>"/sessions"}
REQUESTING PAGE: GET /users/2 with {} and HTTP headers {"HTTP_REFERER"=>"http://www.example.com/users/1"}
REQUESTING PAGE: POST /relationships/1 with {"utf8"=>"\xE2\x9C\x93", "_method"=>"delete", "commit"=>"Unfollow"} and HTTP headers {"HTTP_REFERER"=>"/users/2"}
REQUESTING PAGE: GET http://www.example.com/users/2 with {} and HTTP headers {"HTTP_REFERER"=>"/relationships/1"}
REQUESTING PAGE: GET /users/1/edit with {} and HTTP headers {}
REQUESTING PAGE: GET http://www.example.com/signin with {} and HTTP headers {"HTTP_REFERER"=>"/users/1/edit"}
REQUESTING PAGE: POST /sessions with {"utf8"=>"\xE2\x9C\x93", "session"=>{"email"=>"arnaud.lachaume@gmail.com", "password"=>"foobar"}, "commit"=>"Sign in"} and HTTP headers {"HTTP_REFERER"=>"http://www.example.com/signin"}
REQUESTING PAGE: GET http://www.example.com/users/1/edit with {} and HTTP headers {"HTTP_REFERER"=>"/sessions"}
REQUESTING PAGE: GET / with {} and HTTP headers {}
REQUESTING PAGE: GET /about with {} and HTTP headers {"HTTP_REFERER"=>"/"}
REQUESTING PAGE: GET /help with {} and HTTP headers {"HTTP_REFERER"=>"/about"}
REQUESTING PAGE: GET / with {} and HTTP headers {"HTTP_REFERER"=>"/help"}
REQUESTING PAGE: GET /signup with {} and HTTP headers {"HTTP_REFERER"=>"/"}
REQUESTING PAGE: GET / with {} and HTTP headers {}
REQUESTING PAGE: GET /signin with {} and HTTP headers {}
REQUESTING PAGE: POST /sessions with {"utf8"=>"\xE2\x9C\x93", "session"=>{"email"=>"arnaud.lachaume@gmail.com", "password"=>"foobar"}, "commit"=>"Sign in"} and HTTP headers {"HTTP_REFERER"=>"/signin"}
REQUESTING PAGE: GET http://www.example.com/users/1 with {} and HTTP headers {"HTTP_REFERER"=>"/sessions"}
REQUESTING PAGE: GET / with {} and HTTP headers {"HTTP_REFERER"=>"http://www.example.com/users/1"}
REQUESTING PAGE: GET /signin with {} and HTTP headers {}
REQUESTING PAGE: POST /sessions with {"utf8"=>"\xE2\x9C\x93", "session"=>{"email"=>"arnaud.lachaume@gmail.com", "password"=>"foobar"}, "commit"=>"Sign in"} and HTTP headers {"HTTP_REFERER"=>"/signin"}
REQUESTING PAGE: GET http://www.example.com/users/1 with {} and HTTP headers {"HTTP_REFERER"=>"/sessions"}
REQUESTING PAGE: GET / with {} and HTTP headers {"HTTP_REFERER"=>"http://www.example.com/users/1"}
REQUESTING PAGE: GET /signin with {} and HTTP headers {}
REQUESTING PAGE: POST /sessions with {"utf8"=>"\xE2\x9C\x93", "session"=>{"email"=>"arnaud.lachaume@gmail.com", "password"=>"foobar"}, "commit"=>"Sign in"} and HTTP headers {"HTTP_REFERER"=>"/signin"}
REQUESTING PAGE: GET http://www.example.com/users/1 with {} and HTTP headers {"HTTP_REFERER"=>"/sessions"}
REQUESTING PAGE: GET / with {} and HTTP headers {"HTTP_REFERER"=>"http://www.example.com/users/1"}
REQUESTING PAGE: POST /microposts with {"utf8"=>"\xE2\x9C\x93", "micropost"=>{"in_reply_to"=>"", "content"=>""}, "commit"=>"Submit"} and HTTP headers {"HTTP_REFERER"=>"/"}
REQUESTING PAGE: GET /signin with {} and HTTP headers {}
REQUESTING PAGE: POST /sessions with {"utf8"=>"\xE2\x9C\x93", "session"=>{"email"=>"arnaud.lachaume@gmail.com", "password"=>"foobar"}, "commit"=>"Sign in"} and HTTP headers {"HTTP_REFERER"=>"/signin"}
REQUESTING PAGE: GET http://www.example.com/users/1 with {} and HTTP headers {"HTTP_REFERER"=>"/sessions"}
REQUESTING PAGE: GET / with {} and HTTP headers {"HTTP_REFERER"=>"http://www.example.com/users/1"}
REQUESTING PAGE: POST /microposts with {"utf8"=>"\xE2\x9C\x93", "micropost"=>{"in_reply_to"=>"", "content"=>"Lorem ipsum dolor sit amet"}, "commit"=>"Submit"} and HTTP headers {"HTTP_REFERER"=>"/"}
REQUESTING PAGE: GET http://www.example.com/ with {} and HTTP headers {"HTTP_REFERER"=>"/microposts"}
REQUESTING PAGE: GET /signup with {} and HTTP headers {}
REQUESTING PAGE: POST /users with {"utf8"=>"\xE2\x9C\x93", "user"=>{"name"=>"", "email"=>"", "password"=>"", "password_confirmation"=>""}, "commit"=>"Sign up"} and HTTP headers {"HTTP_REFERER"=>"/signup"}
REQUESTING PAGE: GET /signup with {} and HTTP headers {}
REQUESTING PAGE: POST /users with {"utf8"=>"\xE2\x9C\x93", "user"=>{"name"=>"Foo", "email"=>"Foo@bar.com", "password"=>"foobar", "password_confirmation"=>"foobar"}, "commit"=>"Sign up"} and HTTP headers {"HTTP_REFERER"=>"/signup"}
REQUESTING PAGE: GET http://www.example.com/users/1 with {} and HTTP headers {"HTTP_REFERER"=>"/users"}
REQUESTING PAGE: GET /signin with {} and HTTP headers {}
REQUESTING PAGE: POST /sessions with {"utf8"=>"\xE2\x9C\x93", "session"=>{"email"=>"", "password"=>""}, "commit"=>"Sign in"} and HTTP headers {"HTTP_REFERER"=>"/signin"}
REQUESTING PAGE: GET /signin with {} and HTTP headers {}
REQUESTING PAGE: POST /sessions with {"utf8"=>"\xE2\x9C\x93", "session"=>{"email"=>"arnaud.lachaume@gmail.com", "password"=>"foobar"}, "commit"=>"Sign in"} and HTTP headers {"HTTP_REFERER"=>"/signin"}
REQUESTING PAGE: GET http://www.example.com/users/1 with {} and HTTP headers {"HTTP_REFERER"=>"/sessions"}
REQUESTING PAGE: GET /signout with {} and HTTP headers {"HTTP_REFERER"=>"http://www.example.com/users/1"}
REQUESTING PAGE: GET http://www.example.com/ with {} and HTTP headers {"HTTP_REFERER"=>"/signout"}
REQUESTING PAGE: GET /signin with {} and HTTP headers {}
REQUESTING PAGE: POST /sessions with {"utf8"=>"\xE2\x9C\x93", "session"=>{"email"=>"arnaud.lachaume@gmail.com", "password"=>"foobar"}, "commit"=>"Sign in"} and HTTP headers {"HTTP_REFERER"=>"/signin"}
REQUESTING PAGE: GET http://www.example.com/users/1 with {} and HTTP headers {"HTTP_REFERER"=>"/sessions"}
REQUESTING PAGE: GET /users/2 with {} and HTTP headers {"HTTP_REFERER"=>"http://www.example.com/users/1"}
REQUESTING PAGE: POST /relationships with {"utf8"=>"\xE2\x9C\x93", "relationship"=>{"followed_id"=>"2"}, "commit"=>"Follow"} and HTTP headers {"HTTP_REFERER"=>"/users/2"}
REQUESTING PAGE: GET http://www.example.com/users/2 with {} and HTTP headers {"HTTP_REFERER"=>"/relationships"}
REQUESTING PAGE: GET /signin with {} and HTTP headers {}
REQUESTING PAGE: POST /sessions with {"utf8"=>"\xE2\x9C\x93", "session"=>{"email"=>"arnaud.lachaume@gmail.com", "password"=>"foobar"}, "commit"=>"Sign in"} and HTTP headers {"HTTP_REFERER"=>"/signin"}
REQUESTING PAGE: GET http://www.example.com/users/1 with {} and HTTP headers {"HTTP_REFERER"=>"/sessions"}
REQUESTING PAGE: GET /users/2 with {} and HTTP headers {"HTTP_REFERER"=>"http://www.example.com/users/1"}
REQUESTING PAGE: POST /relationships/1 with {"utf8"=>"\xE2\x9C\x93", "_method"=>"delete", "commit"=>"Unfollow"} and HTTP headers {"HTTP_REFERER"=>"/users/2"}
REQUESTING PAGE: GET http://www.example.com/users/2 with {} and HTTP headers {"HTTP_REFERER"=>"/relationships/1"}
REQUESTING PAGE: GET /users/1/edit with {} and HTTP headers {}
REQUESTING PAGE: GET http://www.example.com/signin with {} and HTTP headers {"HTTP_REFERER"=>"/users/1/edit"}
REQUESTING PAGE: POST /sessions with {"utf8"=>"\xE2\x9C\x93", "session"=>{"email"=>"arnaud.lachaume@gmail.com", "password"=>"foobar"}, "commit"=>"Sign in"} and HTTP headers {"HTTP_REFERER"=>"http://www.example.com/signin"}
REQUESTING PAGE: GET http://www.example.com/users/1/edit with {} and HTTP headers {"HTTP_REFERER"=>"/sessions"}
REQUESTING PAGE: GET / with {} and HTTP headers {}
REQUESTING PAGE: GET /about with {} and HTTP headers {"HTTP_REFERER"=>"/"}
REQUESTING PAGE: GET /help with {} and HTTP headers {"HTTP_REFERER"=>"/about"}
REQUESTING PAGE: GET / with {} and HTTP headers {"HTTP_REFERER"=>"/help"}
REQUESTING PAGE: GET /signup with {} and HTTP headers {"HTTP_REFERER"=>"/"}
REQUESTING PAGE: GET / with {} and HTTP headers {}
REQUESTING PAGE: GET /signin with {} and HTTP headers {}
REQUESTING PAGE: POST /sessions with {"utf8"=>"\xE2\x9C\x93", "session"=>{"email"=>"arnaud.lachaume@gmail.com", "password"=>"foobar"}, "commit"=>"Sign in"} and HTTP headers {"HTTP_REFERER"=>"/signin"}
REQUESTING PAGE: GET http://www.example.com/users/1 with {} and HTTP headers {"HTTP_REFERER"=>"/sessions"}
REQUESTING PAGE: GET / with {} and HTTP headers {"HTTP_REFERER"=>"http://www.example.com/users/1"}
REQUESTING PAGE: GET /signin with {} and HTTP headers {}
REQUESTING PAGE: POST /sessions with {"utf8"=>"\xE2\x9C\x93", "session"=>{"email"=>"arnaud.lachaume@gmail.com", "password"=>"foobar"}, "commit"=>"Sign in"} and HTTP headers {"HTTP_REFERER"=>"/signin"}
REQUESTING PAGE: GET http://www.example.com/users/1 with {} and HTTP headers {"HTTP_REFERER"=>"/sessions"}
REQUESTING PAGE: GET / with {} and HTTP headers {"HTTP_REFERER"=>"http://www.example.com/users/1"}
REQUESTING PAGE: GET /signin with {} and HTTP headers {}
REQUESTING PAGE: POST /sessions with {"utf8"=>"\xE2\x9C\x93", "session"=>{"email"=>"arnaud.lachaume@gmail.com", "password"=>"foobar"}, "commit"=>"Sign in"} and HTTP headers {"HTTP_REFERER"=>"/signin"}
REQUESTING PAGE: GET http://www.example.com/users/1 with {} and HTTP headers {"HTTP_REFERER"=>"/sessions"}
REQUESTING PAGE: GET / with {} and HTTP headers {"HTTP_REFERER"=>"http://www.example.com/users/1"}
REQUESTING PAGE: POST /microposts with {"utf8"=>"\xE2\x9C\x93", "micropost"=>{"in_reply_to"=>"", "content"=>""}, "commit"=>"Submit"} and HTTP headers {"HTTP_REFERER"=>"/"}
REQUESTING PAGE: GET /signin with {} and HTTP headers {}
REQUESTING PAGE: POST /sessions with {"utf8"=>"\xE2\x9C\x93", "session"=>{"email"=>"arnaud.lachaume@gmail.com", "password"=>"foobar"}, "commit"=>"Sign in"} and HTTP headers {"HTTP_REFERER"=>"/signin"}
REQUESTING PAGE: GET http://www.example.com/users/1 with {} and HTTP headers {"HTTP_REFERER"=>"/sessions"}
REQUESTING PAGE: GET / with {} and HTTP headers {"HTTP_REFERER"=>"http://www.example.com/users/1"}
REQUESTING PAGE: POST /microposts with {"utf8"=>"\xE2\x9C\x93", "micropost"=>{"in_reply_to"=>"", "content"=>"Lorem ipsum dolor sit amet"}, "commit"=>"Submit"} and HTTP headers {"HTTP_REFERER"=>"/"}
REQUESTING PAGE: GET http://www.example.com/ with {} and HTTP headers {"HTTP_REFERER"=>"/microposts"}
REQUESTING PAGE: GET /signup with {} and HTTP headers {}
REQUESTING PAGE: POST /users with {"utf8"=>"\xE2\x9C\x93", "user"=>{"name"=>"", "email"=>"", "password"=>"", "password_confirmation"=>""}, "commit"=>"Sign up"} and HTTP headers {"HTTP_REFERER"=>"/signup"}
REQUESTING PAGE: GET /signup with {} and HTTP headers {}
REQUESTING PAGE: POST /users with {"utf8"=>"\xE2\x9C\x93", "user"=>{"name"=>"Foo", "email"=>"Foo@bar.com", "password"=>"foobar", "password_confirmation"=>"foobar"}, "commit"=>"Sign up"} and HTTP headers {"HTTP_REFERER"=>"/signup"}
REQUESTING PAGE: GET http://www.example.com/users/1 with {} and HTTP headers {"HTTP_REFERER"=>"/users"}
REQUESTING PAGE: GET /signin with {} and HTTP headers {}
REQUESTING PAGE: POST /sessions with {"utf8"=>"\xE2\x9C\x93", "session"=>{"email"=>"", "password"=>""}, "commit"=>"Sign in"} and HTTP headers {"HTTP_REFERER"=>"/signin"}
REQUESTING PAGE: GET /signin with {} and HTTP headers {}
REQUESTING PAGE: POST /sessions with {"utf8"=>"\xE2\x9C\x93", "session"=>{"email"=>"arnaud.lachaume@gmail.com", "password"=>"foobar"}, "commit"=>"Sign in"} and HTTP headers {"HTTP_REFERER"=>"/signin"}
REQUESTING PAGE: GET http://www.example.com/users/1 with {} and HTTP headers {"HTTP_REFERER"=>"/sessions"}
REQUESTING PAGE: GET /signout with {} and HTTP headers {"HTTP_REFERER"=>"http://www.example.com/users/1"}
REQUESTING PAGE: GET http://www.example.com/ with {} and HTTP headers {"HTTP_REFERER"=>"/signout"}
REQUESTING PAGE: GET /signin with {} and HTTP headers {}
REQUESTING PAGE: POST /sessions with {"utf8"=>"\xE2\x9C\x93", "session"=>{"email"=>"arnaud.lachaume@gmail.com", "password"=>"foobar"}, "commit"=>"Sign in"} and HTTP headers {"HTTP_REFERER"=>"/signin"}
REQUESTING PAGE: GET http://www.example.com/users/1 with {} and HTTP headers {"HTTP_REFERER"=>"/sessions"}
REQUESTING PAGE: GET /users/2 with {} and HTTP headers {"HTTP_REFERER"=>"http://www.example.com/users/1"}
REQUESTING PAGE: POST /relationships with {"utf8"=>"\xE2\x9C\x93", "relationship"=>{"followed_id"=>"2"}, "commit"=>"Follow"} and HTTP headers {"HTTP_REFERER"=>"/users/2"}
REQUESTING PAGE: GET http://www.example.com/users/2 with {} and HTTP headers {"HTTP_REFERER"=>"/relationships"}
REQUESTING PAGE: GET /signin with {} and HTTP headers {}
REQUESTING PAGE: POST /sessions with {"utf8"=>"\xE2\x9C\x93", "session"=>{"email"=>"arnaud.lachaume@gmail.com", "password"=>"foobar"}, "commit"=>"Sign in"} and HTTP headers {"HTTP_REFERER"=>"/signin"}
REQUESTING PAGE: GET http://www.example.com/users/1 with {} and HTTP headers {"HTTP_REFERER"=>"/sessions"}
REQUESTING PAGE: GET /users/2 with {} and HTTP headers {"HTTP_REFERER"=>"http://www.example.com/users/1"}
REQUESTING PAGE: POST /relationships/1 with {"utf8"=>"\xE2\x9C\x93", "_method"=>"delete", "commit"=>"Unfollow"} and HTTP headers {"HTTP_REFERER"=>"/users/2"}
REQUESTING PAGE: GET http://www.example.com/users/2 with {} and HTTP headers {"HTTP_REFERER"=>"/relationships/1"}
REQUESTING PAGE: GET /users/1/edit with {} and HTTP headers {}
REQUESTING PAGE: GET http://www.example.com/signin with {} and HTTP headers {"HTTP_REFERER"=>"/users/1/edit"}
REQUESTING PAGE: POST /sessions with {"utf8"=>"\xE2\x9C\x93", "session"=>{"email"=>"arnaud.lachaume@gmail.com", "password"=>"foobar"}, "commit"=>"Sign in"} and HTTP headers {"HTTP_REFERER"=>"http://www.example.com/signin"}
REQUESTING PAGE: GET http://www.example.com/users/1/edit with {} and HTTP headers {"HTTP_REFERER"=>"/sessions"}
REQUESTING PAGE: GET / with {} and HTTP headers {}
REQUESTING PAGE: GET /about with {} and HTTP headers {"HTTP_REFERER"=>"/"}
REQUESTING PAGE: GET /help with {} and HTTP headers {"HTTP_REFERER"=>"/about"}
REQUESTING PAGE: GET / with {} and HTTP headers {"HTTP_REFERER"=>"/help"}
REQUESTING PAGE: GET /signup with {} and HTTP headers {"HTTP_REFERER"=>"/"}
REQUESTING PAGE: GET / with {} and HTTP headers {}
REQUESTING PAGE: GET /signin with {} and HTTP headers {}
REQUESTING PAGE: POST /sessions with {"utf8"=>"\xE2\x9C\x93", "session"=>{"email"=>"arnaud.lachaume@gmail.com", "password"=>"foobar"}, "commit"=>"Sign in"} and HTTP headers {"HTTP_REFERER"=>"/signin"}
REQUESTING PAGE: GET http://www.example.com/users/1 with {} and HTTP headers {"HTTP_REFERER"=>"/sessions"}
REQUESTING PAGE: GET / with {} and HTTP headers {"HTTP_REFERER"=>"http://www.example.com/users/1"}
REQUESTING PAGE: GET /signin with {} and HTTP headers {}
REQUESTING PAGE: POST /sessions with {"utf8"=>"\xE2\x9C\x93", "session"=>{"email"=>"arnaud.lachaume@gmail.com", "password"=>"foobar"}, "commit"=>"Sign in"} and HTTP headers {"HTTP_REFERER"=>"/signin"}
REQUESTING PAGE: GET http://www.example.com/users/1 with {} and HTTP headers {"HTTP_REFERER"=>"/sessions"}
REQUESTING PAGE: GET / with {} and HTTP headers {"HTTP_REFERER"=>"http://www.example.com/users/1"}
REQUESTING PAGE: GET /signin with {} and HTTP headers {}
REQUESTING PAGE: POST /sessions with {"utf8"=>"\xE2\x9C\x93", "session"=>{"email"=>"arnaud.lachaume@gmail.com", "password"=>"foobar"}, "commit"=>"Sign in"} and HTTP headers {"HTTP_REFERER"=>"/signin"}
REQUESTING PAGE: GET http://www.example.com/users/1 with {} and HTTP headers {"HTTP_REFERER"=>"/sessions"}
REQUESTING PAGE: GET / with {} and HTTP headers {"HTTP_REFERER"=>"http://www.example.com/users/1"}
REQUESTING PAGE: POST /microposts with {"utf8"=>"\xE2\x9C\x93", "micropost"=>{"in_reply_to"=>"", "content"=>""}, "commit"=>"Submit"} and HTTP headers {"HTTP_REFERER"=>"/"}
REQUESTING PAGE: GET /signin with {} and HTTP headers {}
REQUESTING PAGE: POST /sessions with {"utf8"=>"\xE2\x9C\x93", "session"=>{"email"=>"arnaud.lachaume@gmail.com", "password"=>"foobar"}, "commit"=>"Sign in"} and HTTP headers {"HTTP_REFERER"=>"/signin"}
REQUESTING PAGE: GET http://www.example.com/users/1 with {} and HTTP headers {"HTTP_REFERER"=>"/sessions"}
REQUESTING PAGE: GET / with {} and HTTP headers {"HTTP_REFERER"=>"http://www.example.com/users/1"}
REQUESTING PAGE: POST /microposts with {"utf8"=>"\xE2\x9C\x93", "micropost"=>{"in_reply_to"=>"", "content"=>"Lorem ipsum dolor sit amet"}, "commit"=>"Submit"} and HTTP headers {"HTTP_REFERER"=>"/"}
REQUESTING PAGE: GET http://www.example.com/ with {} and HTTP headers {"HTTP_REFERER"=>"/microposts"}
REQUESTING PAGE: GET /signup with {} and HTTP headers {}
REQUESTING PAGE: POST /users with {"utf8"=>"\xE2\x9C\x93", "user"=>{"name"=>"", "email"=>"", "password"=>"", "password_confirmation"=>""}, "commit"=>"Sign up"} and HTTP headers {"HTTP_REFERER"=>"/signup"}
REQUESTING PAGE: GET /signup with {} and HTTP headers {}
REQUESTING PAGE: POST /users with {"utf8"=>"\xE2\x9C\x93", "user"=>{"name"=>"Foo", "email"=>"Foo@bar.com", "password"=>"foobar", "password_confirmation"=>"foobar"}, "commit"=>"Sign up"} and HTTP headers {"HTTP_REFERER"=>"/signup"}
REQUESTING PAGE: GET http://www.example.com/users/1 with {} and HTTP headers {"HTTP_REFERER"=>"/users"}
REQUESTING PAGE: GET /signin with {} and HTTP headers {}
REQUESTING PAGE: POST /sessions with {"utf8"=>"\xE2\x9C\x93", "session"=>{"email"=>"", "password"=>""}, "commit"=>"Sign in"} and HTTP headers {"HTTP_REFERER"=>"/signin"}
REQUESTING PAGE: GET /signin with {} and HTTP headers {}
REQUESTING PAGE: POST /sessions with {"utf8"=>"\xE2\x9C\x93", "session"=>{"email"=>"arnaud.lachaume@gmail.com", "password"=>"foobar"}, "commit"=>"Sign in"} and HTTP headers {"HTTP_REFERER"=>"/signin"}
REQUESTING PAGE: GET http://www.example.com/users/1 with {} and HTTP headers {"HTTP_REFERER"=>"/sessions"}
REQUESTING PAGE: GET /signout with {} and HTTP headers {"HTTP_REFERER"=>"http://www.example.com/users/1"}
REQUESTING PAGE: GET http://www.example.com/ with {} and HTTP headers {"HTTP_REFERER"=>"/signout"}
REQUESTING PAGE: GET /signin with {} and HTTP headers {}
REQUESTING PAGE: POST /sessions with {"utf8"=>"\xE2\x9C\x93", "session"=>{"email"=>"arnaud.lachaume@gmail.com", "password"=>"foobar"}, "commit"=>"Sign in"} and HTTP headers {"HTTP_REFERER"=>"/signin"}
REQUESTING PAGE: GET http://www.example.com/users/1 with {} and HTTP headers {"HTTP_REFERER"=>"/sessions"}
REQUESTING PAGE: GET /users/2 with {} and HTTP headers {"HTTP_REFERER"=>"http://www.example.com/users/1"}
REQUESTING PAGE: POST /relationships with {"utf8"=>"\xE2\x9C\x93", "relationship"=>{"followed_id"=>"2"}, "commit"=>"Follow"} and HTTP headers {"HTTP_REFERER"=>"/users/2"}
REQUESTING PAGE: GET http://www.example.com/users/2 with {} and HTTP headers {"HTTP_REFERER"=>"/relationships"}
REQUESTING PAGE: GET /signin with {} and HTTP headers {}
REQUESTING PAGE: POST /sessions with {"utf8"=>"\xE2\x9C\x93", "session"=>{"email"=>"arnaud.lachaume@gmail.com", "password"=>"foobar"}, "commit"=>"Sign in"} and HTTP headers {"HTTP_REFERER"=>"/signin"}
REQUESTING PAGE: GET http://www.example.com/users/1 with {} and HTTP headers {"HTTP_REFERER"=>"/sessions"}
REQUESTING PAGE: GET /users/2 with {} and HTTP headers {"HTTP_REFERER"=>"http://www.example.com/users/1"}
REQUESTING PAGE: POST /relationships/1 with {"utf8"=>"\xE2\x9C\x93", "_method"=>"delete", "commit"=>"Unfollow"} and HTTP headers {"HTTP_REFERER"=>"/users/2"}
REQUESTING PAGE: GET http://www.example.com/users/2 with {} and HTTP headers {"HTTP_REFERER"=>"/relationships/1"}
REQUESTING PAGE: GET /users/1/edit with {} and HTTP headers {}
REQUESTING PAGE: GET http://www.example.com/signin with {} and HTTP headers {"HTTP_REFERER"=>"/users/1/edit"}
REQUESTING PAGE: POST /sessions with {"utf8"=>"\xE2\x9C\x93", "session"=>{"email"=>"arnaud.lachaume@gmail.com", "password"=>"foobar"}, "commit"=>"Sign in"} and HTTP headers {"HTTP_REFERER"=>"http://www.example.com/signin"}
REQUESTING PAGE: GET http://www.example.com/users/1/edit with {} and HTTP headers {"HTTP_REFERER"=>"/sessions"}
REQUESTING PAGE: GET / with {} and HTTP headers {}
REQUESTING PAGE: GET /about with {} and HTTP headers {"HTTP_REFERER"=>"/"}
REQUESTING PAGE: GET /help with {} and HTTP headers {"HTTP_REFERER"=>"/about"}
REQUESTING PAGE: GET / with {} and HTTP headers {"HTTP_REFERER"=>"/help"}
REQUESTING PAGE: GET /signup with {} and HTTP headers {"HTTP_REFERER"=>"/"}
REQUESTING PAGE: GET / with {} and HTTP headers {}
REQUESTING PAGE: GET /signin with {} and HTTP headers {}
REQUESTING PAGE: POST /sessions with {"utf8"=>"\xE2\x9C\x93", "session"=>{"email"=>"arnaud.lachaume@gmail.com", "password"=>"foobar"}, "commit"=>"Sign in"} and HTTP headers {"HTTP_REFERER"=>"/signin"}
REQUESTING PAGE: GET http://www.example.com/users/1 with {} and HTTP headers {"HTTP_REFERER"=>"/sessions"}
REQUESTING PAGE: GET / with {} and HTTP headers {"HTTP_REFERER"=>"http://www.example.com/users/1"}
REQUESTING PAGE: GET /signin with {} and HTTP headers {}
REQUESTING PAGE: POST /sessions with {"utf8"=>"\xE2\x9C\x93", "session"=>{"email"=>"arnaud.lachaume@gmail.com", "password"=>"foobar"}, "commit"=>"Sign in"} and HTTP headers {"HTTP_REFERER"=>"/signin"}
REQUESTING PAGE: GET http://www.example.com/users/1 with {} and HTTP headers {"HTTP_REFERER"=>"/sessions"}
REQUESTING PAGE: GET / with {} and HTTP headers {"HTTP_REFERER"=>"http://www.example.com/users/1"}
REQUESTING PAGE: GET /signin with {} and HTTP headers {}
REQUESTING PAGE: POST /sessions with {"utf8"=>"\xE2\x9C\x93", "session"=>{"email"=>"arnaud.lachaume@gmail.com", "password"=>"foobar"}, "commit"=>"Sign in"} and HTTP headers {"HTTP_REFERER"=>"/signin"}
REQUESTING PAGE: GET http://www.example.com/users/1 with {} and HTTP headers {"HTTP_REFERER"=>"/sessions"}
REQUESTING PAGE: GET / with {} and HTTP headers {"HTTP_REFERER"=>"http://www.example.com/users/1"}
REQUESTING PAGE: POST /microposts with {"utf8"=>"\xE2\x9C\x93", "micropost"=>{"in_reply_to"=>"", "content"=>""}, "commit"=>"Submit"} and HTTP headers {"HTTP_REFERER"=>"/"}
REQUESTING PAGE: GET /signin with {} and HTTP headers {}
REQUESTING PAGE: POST /sessions with {"utf8"=>"\xE2\x9C\x93", "session"=>{"email"=>"arnaud.lachaume@gmail.com", "password"=>"foobar"}, "commit"=>"Sign in"} and HTTP headers {"HTTP_REFERER"=>"/signin"}
REQUESTING PAGE: GET http://www.example.com/users/1 with {} and HTTP headers {"HTTP_REFERER"=>"/sessions"}
REQUESTING PAGE: GET / with {} and HTTP headers {"HTTP_REFERER"=>"http://www.example.com/users/1"}
REQUESTING PAGE: POST /microposts with {"utf8"=>"\xE2\x9C\x93", "micropost"=>{"in_reply_to"=>"", "content"=>"Lorem ipsum dolor sit amet"}, "commit"=>"Submit"} and HTTP headers {"HTTP_REFERER"=>"/"}
REQUESTING PAGE: GET http://www.example.com/ with {} and HTTP headers {"HTTP_REFERER"=>"/microposts"}
REQUESTING PAGE: GET /signup with {} and HTTP headers {}
REQUESTING PAGE: POST /users with {"utf8"=>"\xE2\x9C\x93", "user"=>{"name"=>"", "email"=>"", "password"=>"", "password_confirmation"=>""}, "commit"=>"Sign up"} and HTTP headers {"HTTP_REFERER"=>"/signup"}
REQUESTING PAGE: GET /signup with {} and HTTP headers {}
REQUESTING PAGE: POST /users with {"utf8"=>"\xE2\x9C\x93", "user"=>{"name"=>"Foo", "email"=>"Foo@bar.com", "password"=>"foobar", "password_confirmation"=>"foobar"}, "commit"=>"Sign up"} and HTTP headers {"HTTP_REFERER"=>"/signup"}
REQUESTING PAGE: GET http://www.example.com/users/1 with {} and HTTP headers {"HTTP_REFERER"=>"/users"}
REQUESTING PAGE: GET /signin with {} and HTTP headers {}
REQUESTING PAGE: POST /sessions with {"utf8"=>"\xE2\x9C\x93", "session"=>{"email"=>"", "password"=>""}, "commit"=>"Sign in"} and HTTP headers {"HTTP_REFERER"=>"/signin"}
REQUESTING PAGE: GET /signin with {} and HTTP headers {}
REQUESTING PAGE: POST /sessions with {"utf8"=>"\xE2\x9C\x93", "session"=>{"email"=>"arnaud.lachaume@gmail.com", "password"=>"foobar"}, "commit"=>"Sign in"} and HTTP headers {"HTTP_REFERER"=>"/signin"}
REQUESTING PAGE: GET http://www.example.com/users/1 with {} and HTTP headers {"HTTP_REFERER"=>"/sessions"}
REQUESTING PAGE: GET /signout with {} and HTTP headers {"HTTP_REFERER"=>"http://www.example.com/users/1"}
REQUESTING PAGE: GET http://www.example.com/ with {} and HTTP headers {"HTTP_REFERER"=>"/signout"}
REQUESTING PAGE: GET /signin with {} and HTTP headers {}
REQUESTING PAGE: POST /sessions with {"utf8"=>"\xE2\x9C\x93", "session"=>{"email"=>"arnaud.lachaume@gmail.com", "password"=>"foobar"}, "commit"=>"Sign in"} and HTTP headers {"HTTP_REFERER"=>"/signin"}
REQUESTING PAGE: GET http://www.example.com/users/1 with {} and HTTP headers {"HTTP_REFERER"=>"/sessions"}
REQUESTING PAGE: GET /users/2 with {} and HTTP headers {"HTTP_REFERER"=>"http://www.example.com/users/1"}
REQUESTING PAGE: POST /relationships with {"utf8"=>"\xE2\x9C\x93", "relationship"=>{"followed_id"=>"2"}, "commit"=>"Follow"} and HTTP headers {"HTTP_REFERER"=>"/users/2"}
REQUESTING PAGE: GET http://www.example.com/users/2 with {} and HTTP headers {"HTTP_REFERER"=>"/relationships"}
REQUESTING PAGE: GET /signin with {} and HTTP headers {}
REQUESTING PAGE: POST /sessions with {"utf8"=>"\xE2\x9C\x93", "session"=>{"email"=>"arnaud.lachaume@gmail.com", "password"=>"foobar"}, "commit"=>"Sign in"} and HTTP headers {"HTTP_REFERER"=>"/signin"}
REQUESTING PAGE: GET http://www.example.com/users/1 with {} and HTTP headers {"HTTP_REFERER"=>"/sessions"}
REQUESTING PAGE: GET /users/2 with {} and HTTP headers {"HTTP_REFERER"=>"http://www.example.com/users/1"}
REQUESTING PAGE: POST /relationships/1 with {"utf8"=>"\xE2\x9C\x93", "_method"=>"delete", "commit"=>"Unfollow"} and HTTP headers {"HTTP_REFERER"=>"/users/2"}
REQUESTING PAGE: GET http://www.example.com/users/2 with {} and HTTP headers {"HTTP_REFERER"=>"/relationships/1"}
REQUESTING PAGE: GET /users/1/edit with {} and HTTP headers {}
REQUESTING PAGE: GET http://www.example.com/signin with {} and HTTP headers {"HTTP_REFERER"=>"/users/1/edit"}
REQUESTING PAGE: POST /sessions with {"utf8"=>"\xE2\x9C\x93", "session"=>{"email"=>"arnaud.lachaume@gmail.com", "password"=>"foobar"}, "commit"=>"Sign in"} and HTTP headers {"HTTP_REFERER"=>"http://www.example.com/signin"}
REQUESTING PAGE: GET http://www.example.com/users/1/edit with {} and HTTP headers {"HTTP_REFERER"=>"/sessions"}
REQUESTING PAGE: GET / with {} and HTTP headers {}
REQUESTING PAGE: GET /about with {} and HTTP headers {"HTTP_REFERER"=>"/"}
REQUESTING PAGE: GET /help with {} and HTTP headers {"HTTP_REFERER"=>"/about"}
REQUESTING PAGE: GET / with {} and HTTP headers {"HTTP_REFERER"=>"/help"}
REQUESTING PAGE: GET /signup with {} and HTTP headers {"HTTP_REFERER"=>"/"}
REQUESTING PAGE: GET / with {} and HTTP headers {}
REQUESTING PAGE: GET /signin with {} and HTTP headers {}
REQUESTING PAGE: POST /sessions with {"utf8"=>"\xE2\x9C\x93", "session"=>{"email"=>"arnaud.lachaume@gmail.com", "password"=>"foobar"}, "commit"=>"Sign in"} and HTTP headers {"HTTP_REFERER"=>"/signin"}
REQUESTING PAGE: GET http://www.example.com/users/1 with {} and HTTP headers {"HTTP_REFERER"=>"/sessions"}
REQUESTING PAGE: GET / with {} and HTTP headers {"HTTP_REFERER"=>"http://www.example.com/users/1"}
REQUESTING PAGE: GET /signin with {} and HTTP headers {}
REQUESTING PAGE: POST /sessions with {"utf8"=>"\xE2\x9C\x93", "session"=>{"email"=>"arnaud.lachaume@gmail.com", "password"=>"foobar"}, "commit"=>"Sign in"} and HTTP headers {"HTTP_REFERER"=>"/signin"}
REQUESTING PAGE: GET http://www.example.com/users/1 with {} and HTTP headers {"HTTP_REFERER"=>"/sessions"}
REQUESTING PAGE: GET / with {} and HTTP headers {"HTTP_REFERER"=>"http://www.example.com/users/1"}
REQUESTING PAGE: GET /signin with {} and HTTP headers {}
REQUESTING PAGE: POST /sessions with {"utf8"=>"\xE2\x9C\x93", "session"=>{"email"=>"arnaud.lachaume@gmail.com", "password"=>"foobar"}, "commit"=>"Sign in"} and HTTP headers {"HTTP_REFERER"=>"/signin"}
REQUESTING PAGE: GET http://www.example.com/users/1 with {} and HTTP headers {"HTTP_REFERER"=>"/sessions"}
REQUESTING PAGE: GET / with {} and HTTP headers {"HTTP_REFERER"=>"http://www.example.com/users/1"}
REQUESTING PAGE: POST /microposts with {"utf8"=>"\xE2\x9C\x93", "micropost"=>{"in_reply_to"=>"", "content"=>""}, "commit"=>"Submit"} and HTTP headers {"HTTP_REFERER"=>"/"}
REQUESTING PAGE: GET /signin with {} and HTTP headers {}
REQUESTING PAGE: POST /sessions with {"utf8"=>"\xE2\x9C\x93", "session"=>{"email"=>"arnaud.lachaume@gmail.com", "password"=>"foobar"}, "commit"=>"Sign in"} and HTTP headers {"HTTP_REFERER"=>"/signin"}
REQUESTING PAGE: GET http://www.example.com/users/1 with {} and HTTP headers {"HTTP_REFERER"=>"/sessions"}
REQUESTING PAGE: GET / with {} and HTTP headers {"HTTP_REFERER"=>"http://www.example.com/users/1"}
REQUESTING PAGE: POST /microposts with {"utf8"=>"\xE2\x9C\x93", "micropost"=>{"in_reply_to"=>"", "content"=>"Lorem ipsum dolor sit amet"}, "commit"=>"Submit"} and HTTP headers {"HTTP_REFERER"=>"/"}
REQUESTING PAGE: GET http://www.example.com/ with {} and HTTP headers {"HTTP_REFERER"=>"/microposts"}
REQUESTING PAGE: GET /signup with {} and HTTP headers {}
REQUESTING PAGE: POST /users with {"utf8"=>"\xE2\x9C\x93", "user"=>{"name"=>"", "email"=>"", "password"=>"", "password_confirmation"=>""}, "commit"=>"Sign up"} and HTTP headers {"HTTP_REFERER"=>"/signup"}
REQUESTING PAGE: GET /signup with {} and HTTP headers {}
REQUESTING PAGE: POST /users with {"utf8"=>"\xE2\x9C\x93", "user"=>{"name"=>"Foo", "email"=>"Foo@bar.com", "password"=>"foobar", "password_confirmation"=>"foobar"}, "commit"=>"Sign up"} and HTTP headers {"HTTP_REFERER"=>"/signup"}
REQUESTING PAGE: GET http://www.example.com/users/1 with {} and HTTP headers {"HTTP_REFERER"=>"/users"}
REQUESTING PAGE: GET /signin with {} and HTTP headers {}
REQUESTING PAGE: POST /sessions with {"utf8"=>"\xE2\x9C\x93", "session"=>{"email"=>"", "password"=>""}, "commit"=>"Sign in"} and HTTP headers {"HTTP_REFERER"=>"/signin"}
REQUESTING PAGE: GET /signin with {} and HTTP headers {}
REQUESTING PAGE: POST /sessions with {"utf8"=>"\xE2\x9C\x93", "session"=>{"email"=>"arnaud.lachaume@gmail.com", "password"=>"foobar"}, "commit"=>"Sign in"} and HTTP headers {"HTTP_REFERER"=>"/signin"}
REQUESTING PAGE: GET http://www.example.com/users/1 with {} and HTTP headers {"HTTP_REFERER"=>"/sessions"}
REQUESTING PAGE: GET /signout with {} and HTTP headers {"HTTP_REFERER"=>"http://www.example.com/users/1"}
REQUESTING PAGE: GET http://www.example.com/ with {} and HTTP headers {"HTTP_REFERER"=>"/signout"}
